<?xml version="1.0" encoding="utf-8"?><testsuites><testsuite errors="0" failures="0" hostname="DESKTOP" name="pytest" skipped="0" tests="6" time="32.850" timestamp="2020-05-08T15:38:29.230992"><testcase classname="test_HomePage.TestHomePage" file="test_HomePage.py" line="14" name="test_form_submission[getdata0]" time="9.691"></testcase><testcase classname="test_HomePage.TestHomePage" file="test_HomePage.py" line="14" name="test_form_submission[getdata1]" time="1.809"></testcase><testcase classname="test_HomePage.TestHomePage" file="test_HomePage.py" line="14" name="test_form_submission[getdata2]" time="1.578"></testcase><testcase classname="test_HomePage.TestHomePage" file="test_HomePage.py" line="14" name="test_form_submission[getdata3]" time="1.624"></testcase><testcase classname="test_HomePage.TestHomePage" file="test_HomePage.py" line="14" name="test_form_submission[getdata4]" time="1.770"></testcase><testcase classname="test_e2e.TestOne" file="test_e2e.py" line="10" name="test_e2e" time="16.209"></testcase></testsuite></testsuites>